[ LOG FOR TASK AUTOMATIC DEMAND REPORT ]
2019-10-31 08:20:33 [ Thursday ][  Complete!  ] [ demand_data ] 
2019-10-31 08:48:16 [ Thursday ][  Complete!  ] [ demand_data ] 
2019-10-31 09:07:21 [ Thursday ][  Complete!  ] [ demand_data ] 
2019-10-31 09:10:48 [ Thursday ][  Complete!  ] [ demand_convert ] 
2019-10-31 11:39:08 [ Thursday ][  Complete!  ] [ demand_convert ] 
2019-10-31 14:44:17 [ Thursday ][  Complete!  ] [ demand_data ] 
2019-10-31 14:45:25 [ Thursday ][  Complete!  ] [ demand_convert ] 
2019-10-31 14:48:23 [ Thursday ][  Complete!  ] [ EXPORT ] 
2019-10-31 14:48:25 [ Thursday ][  Complete!  ] [ SENDMAIL ] 
2019-10-31 14:59:50 [ Thursday ][  Complete!  ] [ demand_data ] 
2019-10-31 15:01:15 [ Thursday ][  Complete!  ] [ demand_convert ] 
2019-10-31 15:04:12 [ Thursday ][  Complete!  ] [ EXPORT ] 
2019-10-31 15:04:14 [ Thursday ][  Complete!  ] [ SENDMAIL ] 
2019-10-31 15:16:24 [ Thursday ][  Complete!  ] [ demand_data ] 
2019-10-31 15:16:46 [ Thursday ][  Complete!  ] [ demand_convert ] 
2019-10-31 15:19:40 [ Thursday ][  Complete!  ] [ EXPORT ] 
2019-10-31 15:19:42 [ Thursday ][  Complete!  ] [ SENDMAIL ] 
2019-11-01 12:14:11 [ Friday ][  Complete!  ] [ demand_data ] 
2019-11-01 12:14:31 [ Friday ][  Complete!  ] [ demand_convert ] 
2019-11-01 14:17:49 [ Friday ][  Complete!  ] [ demand_data ] 
2019-11-01 14:18:09 [ Friday ][  Complete!  ] [ demand_convert ] 
2019-11-01 14:20:54 [ Friday ][  Complete!  ] [ EXPORT ] 
2019-11-01 14:20:56 [ Friday ][  Complete!  ] [ SENDMAIL ] 
2019-11-04 10:47:10 [ Monday ][  Complete!  ] [ demand_data ] 
2019-11-04 10:47:30 [ Monday ][  Complete!  ] [ demand_convert ] 
2019-11-04 10:50:14 [ Monday ][  Complete!  ] [ EXPORT ] 
2019-11-04 10:50:16 [ Monday ][  Complete!  ] [ SENDMAIL ] 
2019-11-06 09:18:46 [ Wednesday ][  Complete!  ] [ demand_data ] 
2019-11-06 09:19:06 [ Wednesday ][  Complete!  ] [ demand_convert ] 
2019-11-06 09:21:49 [ Wednesday ][  Complete!  ] [ EXPORT ] 
2019-11-06 09:21:51 [ Wednesday ][  Complete!  ] [ SENDMAIL ] 
2019-11-08 09:00:16 [ Friday ][  Complete!  ] [ demand_data ] 
2019-11-08 09:00:56 [ Friday ][  Complete!  ] [ demand_convert ] 
2019-11-08 09:17:29 [ Friday ][  Complete!  ] [ demand_data ] 
2019-11-08 09:17:53 [ Friday ][  Complete!  ] [ demand_convert ] 
2019-11-08 09:22:04 [ Friday ][  Complete!  ] [ EXPORT ] 
2019-11-08 09:22:06 [ Friday ][  Complete!  ] [ SENDMAIL ] 
2019-11-09 09:37:23 [ Saturday ][  Complete!  ] [ demand_data ] 
2019-11-09 09:37:45 [ Saturday ][  Complete!  ] [ demand_convert ] 
2019-11-09 09:41:55 [ Saturday ][  Complete!  ] [ EXPORT ] 
2019-11-09 09:41:58 [ Saturday ][  Complete!  ] [ SENDMAIL ] 
2019-11-11 09:25:47 [ Monday ][  Complete!  ] [ demand_data ] 
2019-11-11 09:26:10 [ Monday ][  Complete!  ] [ demand_convert ] 
2019-11-11 09:30:19 [ Monday ][  Complete!  ] [ EXPORT ] 
2019-11-11 09:30:21 [ Monday ][  Complete!  ] [ SENDMAIL ] 
2019-11-14 12:03:46 [ Thursday ][  Complete!  ] [ demand_data ] 
2019-11-14 12:04:09 [ Thursday ][  Complete!  ] [ demand_convert ] 
2019-11-14 12:08:19 [ Thursday ][  Complete!  ] [ EXPORT ] 
2019-11-14 12:08:21 [ Thursday ][  Complete!  ] [ SENDMAIL ] 
2019-11-15 09:07:41 [ Friday ][  Complete!  ] [ demand_data ] 
2019-11-15 09:08:04 [ Friday ][  Complete!  ] [ demand_convert ] 
2019-11-15 09:12:16 [ Friday ][  Complete!  ] [ EXPORT ] 
2019-11-15 09:12:19 [ Friday ][  Complete!  ] [ SENDMAIL ] 
2019-11-21 10:55:59 [ Thursday ][  Complete!  ] [ demand_data ] 
2019-11-21 10:56:22 [ Thursday ][  Complete!  ] [ demand_convert ] 
2019-11-21 11:00:27 [ Thursday ][  Complete!  ] [ EXPORT ] 
2019-11-21 11:00:29 [ Thursday ][  Complete!  ] [ SENDMAIL ] 
2019-11-22 09:43:22 [ Friday ][  Complete!  ] [ demand_data ] 
2019-11-22 09:43:45 [ Friday ][  Complete!  ] [ demand_convert ] 
2019-11-22 09:47:55 [ Friday ][  Complete!  ] [ EXPORT ] 
2019-11-22 09:47:57 [ Friday ][  Complete!  ] [ SENDMAIL ] 
2019-11-25 12:52:05 [ Monday ][  Complete!  ] [ demand_data ] 
2019-11-25 12:52:28 [ Monday ][  Complete!  ] [ demand_convert ] 
2019-11-25 12:56:39 [ Monday ][  Complete!  ] [ EXPORT ] 
2019-11-25 12:56:41 [ Monday ][  Complete!  ] [ SENDMAIL ] 
2019-11-29 09:38:50 [ Friday ][  Complete!  ] [ demand_data ] 
2019-11-29 09:39:14 [ Friday ][  Complete!  ] [ demand_convert ] 
2019-11-29 09:43:20 [ Friday ][  Complete!  ] [ EXPORT ] 
2019-11-29 09:43:22 [ Friday ][  Complete!  ] [ SENDMAIL ] 
2019-12-09 11:09:50 [ Monday ][  Complete!  ] [ demand_data ] 
2019-12-09 11:10:14 [ Monday ][  Complete!  ] [ demand_convert ] 
2019-12-09 11:14:00 [ Monday ][  Complete!  ] [ EXPORT ] 
2019-12-09 11:14:02 [ Monday ][  Complete!  ] [ SENDMAIL ] 
2019-12-13 14:50:57 [ Friday ][  Complete!  ] [ demand_data ] 
2019-12-13 14:51:18 [ Friday ][  Complete!  ] [ demand_convert ] 
2019-12-13 14:54:57 [ Friday ][  Complete!  ] [ EXPORT ] 
2019-12-13 14:55:00 [ Friday ][  Complete!  ] [ SENDMAIL ] 
2019-12-20 13:04:15 [ Friday ][  Complete!  ] [ demand_data ] 
2019-12-20 13:04:39 [ Friday ][  Complete!  ] [ demand_convert ] 
2019-12-20 13:08:28 [ Friday ][  Complete!  ] [ EXPORT ] 
2019-12-20 13:08:31 [ Friday ][  Complete!  ] [ SENDMAIL ] 
2019-12-26 10:46:48 [ Thursday ][  Complete!  ] [ demand_data ] 
2019-12-26 10:47:09 [ Thursday ][  Complete!  ] [ demand_convert ] 
2019-12-26 10:50:54 [ Thursday ][  Complete!  ] [ EXPORT ] 
2019-12-26 10:50:56 [ Thursday ][  Complete!  ] [ SENDMAIL ] 
2020-01-10 09:56:58 [ Friday ][  Complete!  ] [ demand_data ] 
2020-01-10 09:57:18 [ Friday ][  Complete!  ] [ demand_convert ] 
2020-01-10 10:01:01 [ Friday ][  Complete!  ] [ EXPORT ] 
2020-01-10 10:01:03 [ Friday ][  Complete!  ] [ SENDMAIL ] 
2020-01-17 09:13:42 [ Friday ][  Complete!  ] [ demand_data ] 
2020-01-17 09:14:03 [ Friday ][  Complete!  ] [ demand_convert ] 
2020-01-17 09:17:45 [ Friday ][  Complete!  ] [ EXPORT ] 
2020-01-17 09:17:48 [ Friday ][  Complete!  ] [ SENDMAIL ] 
2020-01-24 09:14:03 [ Friday ][  Complete!  ] [ demand_data ] 
2020-01-24 09:14:25 [ Friday ][  Complete!  ] [ demand_convert ] 
2020-01-24 09:18:15 [ Friday ][  Complete!  ] [ EXPORT ] 
2020-01-24 09:18:17 [ Friday ][  Complete!  ] [ SENDMAIL ] 
2020-01-31 09:13:50 [ Friday ][  Complete!  ] [ demand_data ] 
2020-01-31 09:14:12 [ Friday ][  Complete!  ] [ demand_convert ] 
2020-01-31 09:18:04 [ Friday ][  Complete!  ] [ EXPORT ] 
2020-01-31 09:18:07 [ Friday ][  Complete!  ] [ SENDMAIL ] 
2020-02-07 09:13:28 [ Friday ][  Complete!  ] [ demand_data ] 
2020-02-07 09:13:47 [ Friday ][  Complete!  ] [ demand_convert ] 
2020-02-07 09:17:33 [ Friday ][  Complete!  ] [ EXPORT ] 
2020-02-07 09:17:36 [ Friday ][  Complete!  ] [ SENDMAIL ] 
2020-02-14 09:13:41 [ Friday ][  Complete!  ] [ demand_data ] 
2020-02-14 09:14:02 [ Friday ][  Complete!  ] [ demand_convert ] 
2020-02-14 09:17:53 [ Friday ][  Complete!  ] [ EXPORT ] 
2020-02-14 09:17:55 [ Friday ][  Complete!  ] [ SENDMAIL ] 
2020-02-21 09:13:49 [ Friday ][  Complete!  ] [ demand_data ] 
2020-02-21 09:14:10 [ Friday ][  Complete!  ] [ demand_convert ] 
2020-02-21 09:17:55 [ Friday ][  Complete!  ] [ EXPORT ] 
2020-02-21 09:17:58 [ Friday ][  Complete!  ] [ SENDMAIL ] 
2020-02-28 09:14:08 [ Friday ][  Complete!  ] [ demand_data ] 
2020-02-28 09:14:31 [ Friday ][  Complete!  ] [ demand_convert ] 
2020-02-28 09:18:18 [ Friday ][  Complete!  ] [ EXPORT ] 
2020-02-28 09:18:21 [ Friday ][  Complete!  ] [ SENDMAIL ] 
2020-03-06 09:13:28 [ Friday ][  Complete!  ] [ demand_data ] 
2020-03-06 09:13:47 [ Friday ][  Complete!  ] [ demand_convert ] 
2020-03-06 09:17:34 [ Friday ][  Complete!  ] [ EXPORT ] 
2020-03-06 09:17:36 [ Friday ][  Complete!  ] [ SENDMAIL ] 
2020-03-13 09:13:52 [ Friday ][  Complete!  ] [ demand_data ] 
2020-03-13 09:14:12 [ Friday ][  Complete!  ] [ demand_convert ] 
2020-03-13 09:18:02 [ Friday ][  Complete!  ] [ EXPORT ] 
2020-03-13 09:18:04 [ Friday ][  Complete!  ] [ SENDMAIL ] 
2020-03-20 09:13:51 [ Friday ][  Complete!  ] [ demand_data ] 
2020-03-20 09:14:13 [ Friday ][  Complete!  ] [ demand_convert ] 
2020-03-20 09:18:27 [ Friday ][  Complete!  ] [ EXPORT ] 
2020-03-20 09:18:29 [ Friday ][  Complete!  ] [ SENDMAIL ] 
2020-03-27 09:13:49 [ Friday ][  Complete!  ] [ demand_data ] 
2020-03-27 09:14:10 [ Friday ][  Complete!  ] [ demand_convert ] 
2020-03-27 09:18:17 [ Friday ][  Complete!  ] [ EXPORT ] 
2020-03-27 09:18:19 [ Friday ][  Complete!  ] [ SENDMAIL ] 
2020-04-03 09:13:37 [ Friday ][  Complete!  ] [ demand_data ] 
2020-04-03 09:13:58 [ Friday ][  Complete!  ] [ demand_convert ] 
2020-04-03 09:18:24 [ Friday ][  Complete!  ] [ EXPORT ] 
2020-04-03 09:18:26 [ Friday ][  Complete!  ] [ SENDMAIL ] 
2020-04-10 09:13:14 [ Friday ][  Complete!  ] [ demand_data ] 
2020-04-10 09:13:32 [ Friday ][  Complete!  ] [ demand_convert ] 
2020-04-10 09:18:20 [ Friday ][  Complete!  ] [ EXPORT ] 
2020-04-10 09:18:22 [ Friday ][  Complete!  ] [ SENDMAIL ] 
2020-04-17 09:12:57 [ Friday ][  Complete!  ] [ demand_data ] 
2020-04-17 09:13:14 [ Friday ][  Complete!  ] [ demand_convert ] 
2020-04-17 09:17:49 [ Friday ][  Complete!  ] [ EXPORT ] 
2020-04-17 09:17:51 [ Friday ][  Complete!  ] [ SENDMAIL ] 
2020-04-24 09:13:06 [ Friday ][  Complete!  ] [ demand_data ] 
2020-04-24 09:13:23 [ Friday ][  Complete!  ] [ demand_convert ] 
2020-04-24 09:17:56 [ Friday ][  Complete!  ] [ EXPORT ] 
2020-04-24 09:17:59 [ Friday ][  Complete!  ] [ SENDMAIL ] 
2020-05-01 09:12:47 [ Friday ][  Complete!  ] [ demand_data ] 
2020-05-01 09:13:04 [ Friday ][  Complete!  ] [ demand_convert ] 
2020-05-01 09:16:55 [ Friday ][  Complete!  ] [ EXPORT ] 
2020-05-01 09:16:57 [ Friday ][  Complete!  ] [ SENDMAIL ] 
